\BOOKMARK [0][-]{section*.1}{\376\377\000R\000e\000s\000u\000m\000e\000n}{}% 1
\BOOKMARK [0][-]{chapter.1}{\376\377\000I\000n\000t\000r\000o\000d\000u\000c\000c\000i\000\363\000n\000\040\000g\000e\000n\000e\000r\000a\000l}{}% 2
\BOOKMARK [1][-]{section.1.1}{\376\377\000I\000n\000t\000r\000o\000d\000u\000c\000c\000i\000\363\000n\000\040\000a\000\040\000l\000o\000s\000\040\000s\000i\000s\000t\000e\000m\000a\000s\000\040\000d\000e\000\040\000i\000l\000u\000m\000i\000n\000a\000c\000i\000\363\000n}{chapter.1}% 3
\BOOKMARK [2][-]{subsection.1.1.1}{\376\377\000I\000l\000u\000m\000i\000n\000a\000c\000i\000\363\000n\000\040\000e\000n\000\040\000e\000s\000c\000a\000l\000e\000r\000a\000s\000\040\000m\000o\000d\000e\000r\000n\000a\000s}{section.1.1}% 4
\BOOKMARK [2][-]{subsection.1.1.2}{\376\377\000E\000f\000i\000c\000i\000e\000n\000c\000i\000a\000\040\000e\000n\000e\000r\000g\000\351\000t\000i\000c\000a}{section.1.1}% 5
\BOOKMARK [1][-]{section.1.2}{\376\377\000E\000s\000t\000a\000d\000o\000\040\000d\000e\000l\000\040\000a\000r\000t\000e}{chapter.1}% 6
\BOOKMARK [2][-]{subsection.1.2.1}{\376\377\000S\000u\000p\000e\000r\000l\000i\000g\000h\000t\000i\000n\000g\000L\000E\000D}{section.1.2}% 7
\BOOKMARK [2][-]{subsection.1.2.2}{\376\377\000G\000I\000D\000E\000A\000L\000E\000D}{section.1.2}% 8
\BOOKMARK [2][-]{subsection.1.2.3}{\376\377\000A\000n\000\341\000l\000i\000s\000i\000s\000\040\000d\000e\000l\000\040\000e\000s\000t\000a\000d\000o\000\040\000d\000e\000l\000\040\000a\000r\000t\000e\000\040\000y\000\040\000a\000p\000o\000r\000t\000e\000s\000\040\000d\000e\000l\000\040\000d\000e\000s\000a\000r\000r\000o\000l\000l\000o}{section.1.2}% 9
\BOOKMARK [1][-]{section.1.3}{\376\377\000M\000o\000t\000i\000v\000a\000c\000i\000\363\000n}{chapter.1}% 10
\BOOKMARK [1][-]{section.1.4}{\376\377\000O\000b\000j\000e\000t\000i\000v\000o\000s\000\040\000y\000\040\000a\000l\000c\000a\000n\000c\000e\000s}{chapter.1}% 11
\BOOKMARK [0][-]{chapter.2}{\376\377\000I\000n\000t\000r\000o\000d\000u\000c\000c\000i\000\363\000n\000\040\000e\000s\000p\000e\000c\000\355\000f\000i\000c\000a}{}% 12
\BOOKMARK [1][-]{section.2.1}{\376\377\000C\000o\000m\000p\000o\000n\000e\000n\000t\000e\000s\000\040\000d\000e\000\040\000h\000a\000r\000d\000w\000a\000r\000e\000\040\000d\000e\000l\000\040\000s\000i\000s\000t\000e\000m\000a}{chapter.2}% 13
\BOOKMARK [2][-]{subsection.2.1.1}{\376\377\000M\000i\000c\000r\000o\000c\000o\000n\000t\000r\000o\000l\000a\000d\000o\000r\000\040\000S\000T\000M\0003\0002\000F\0004}{section.2.1}% 14
\BOOKMARK [2][-]{subsection.2.1.2}{\376\377\000T\000i\000r\000a\000\040\000L\000E\000D\000\040\000p\000i\000x\000e\000l}{section.2.1}% 15
\BOOKMARK [2][-]{subsection.2.1.3}{\376\377\000S\000e\000n\000s\000o\000r\000\040\000d\000e\000\040\000m\000o\000v\000i\000m\000i\000e\000n\000t\000o\000\040\000P\000I\000R}{section.2.1}% 16
\BOOKMARK [2][-]{subsection.2.1.4}{\376\377\000M\000\363\000d\000u\000l\000o\000\040\000e\000x\000t\000e\000n\000s\000o\000r\000\040\000d\000e\000\040\000p\000u\000e\000r\000t\000o\000s}{section.2.1}% 17
\BOOKMARK [2][-]{subsection.2.1.5}{\376\377\000M\000\363\000d\000u\000l\000o\000\040\000d\000e\000\040\000c\000o\000m\000u\000n\000i\000c\000a\000c\000i\000\363\000n\000\040\000B\000l\000u\000e\000t\000o\000o\000t\000h}{section.2.1}% 18
\BOOKMARK [1][-]{section.2.2}{\376\377\000S\000o\000f\000t\000w\000a\000r\000e\000\040\000y\000\040\000e\000n\000t\000o\000r\000n\000o\000\040\000d\000e\000\040\000d\000e\000s\000a\000r\000r\000o\000l\000l\000o}{chapter.2}% 19
\BOOKMARK [2][-]{subsection.2.2.1}{\376\377\000V\000i\000s\000u\000a\000l\000\040\000S\000t\000u\000d\000i\000o\000\040\000C\000o\000d\000e}{section.2.2}% 20
\BOOKMARK [2][-]{subsection.2.2.2}{\376\377\000S\000T\000M\0003\0002\000\040\000C\000u\000b\000e\000I\000D\000E}{section.2.2}% 21
\BOOKMARK [2][-]{subsection.2.2.3}{\376\377\000M\000I\000T\000\040\000A\000P\000P\000\040\000I\000n\000v\000e\000n\000t\000o\000r}{section.2.2}% 22
\BOOKMARK [2][-]{subsection.2.2.4}{\376\377\000L\000e\000n\000g\000u\000a\000j\000e\000\040\000d\000e\000\040\000p\000r\000o\000g\000r\000a\000m\000a\000c\000i\000\363\000n\000\040\000C}{section.2.2}% 23
\BOOKMARK [2][-]{subsection.2.2.5}{\376\377\000C\000o\000m\000p\000i\000l\000a\000d\000o\000r\000\040\000G\000C\000C\000\040\000\050\000G\000N\000U\000\040\000C\000o\000m\000p\000i\000l\000e\000r\000\040\000C\000o\000l\000l\000e\000c\000t\000i\000o\000n\000\051}{section.2.2}% 24
\BOOKMARK [2][-]{subsection.2.2.6}{\376\377\000D\000o\000x\000i\000g\000e\000n}{section.2.2}% 25
\BOOKMARK [1][-]{section.2.3}{\376\377\000P\000r\000o\000t\000o\000c\000o\000l\000o\000s\000\040\000d\000e\000\040\000c\000o\000m\000u\000n\000i\000c\000a\000c\000i\000\363\000n}{chapter.2}% 26
\BOOKMARK [2][-]{subsection.2.3.1}{\376\377\000P\000r\000o\000t\000o\000c\000o\000l\000o\000\040\000I\0002\000C\000I\0002\000C}{section.2.3}% 27
\BOOKMARK [2][-]{subsection.2.3.2}{\376\377\000P\000r\000o\000t\000o\000c\000o\000l\000o\000\040\000U\000A\000R\000T\000U\000A\000R\000T}{section.2.3}% 28
\BOOKMARK [0][-]{chapter.3}{\376\377\000D\000i\000s\000e\000\361\000o\000\040\000e\000\040\000i\000m\000p\000l\000e\000m\000e\000n\000t\000a\000c\000i\000\363\000n}{}% 29
\BOOKMARK [1][-]{section.3.1}{\376\377\000D\000i\000s\000e\000\361\000o\000\040\000d\000e\000l\000\040\000s\000i\000s\000t\000e\000m\000a}{chapter.3}% 30
\BOOKMARK [1][-]{section.3.2}{\376\377\000A\000n\000\341\000l\000i\000s\000i\000s\000\040\000d\000e\000l\000\040\000p\000o\000t\000e\000n\000c\000i\000a}{chapter.3}% 31
\BOOKMARK [1][-]{section.3.3}{\376\377\000A\000n\000\341\000l\000i\000s\000i\000s\000\040\000d\000e\000l\000\040\000s\000o\000f\000t\000w\000a\000r\000e}{chapter.3}% 32
